<?xml version="1.0" encoding="UTF-8"?>
<!-- Generated by org.testng.reporters.JUnitReportReporter -->
<testsuite skipped="0" hostname="DESKTOP-VSSVHOR" name="runner.RunnerTest" tests="1" failures="0" timestamp="2022-10-07T15:24:09 BRT" time="98.576" errors="0">
  <testcase name="runScenario" time="98.576" classname="runner.RunnerTest"/>
  <system-out/>
</testsuite> <!-- runner.RunnerTest -->
